<?xml version="1.0" encoding="UTF-8"?>
<testsuite xmlns:xsi="http://www.w3.org/2001/XMLSchema-instance" xsi:noNamespaceSchemaLocation="https://maven.apache.org/surefire/maven-surefire-plugin/xsd/surefire-test-report-3.0.xsd" version="3.0" name="com.example.try2.Try2ApplicationTests" time="4.002" tests="1" errors="0" skipped="0" failures="0">
  <properties>
[...]
</properties>
  <testcase name="contextLoads" classname="com.example.try2.Try2ApplicationTests" time="1.117">
    <system-out><![CDATA[16:17:33.972 [main] INFO org.springframework.test.context.support.AnnotationConfigContextLoaderUtils -- Could not detect default configuration classes for test class [com.example.try2.Try2ApplicationTests]: Try2ApplicationTests does not declare any static, non-private, non-final, nested classes annotated with @Configuration.
16:17:34.109 [main] INFO org.springframework.boot.test.context.SpringBootTestContextBootstrapper -- Found @SpringBootConfiguration com.example.try2.Try2Application for test class com.example.try2.Try2ApplicationTests

  .   ____          _            __ _ _
 /\\ / ___'_ __ _ _(_)_ __  __ _ \ \ \ \
( ( )\___ | '_ | '_| | '_ \/ _` | \ \ \ \
 \\/  ___)| |_)| | | | | || (_| |  ) ) ) )
  '  |____| .__|_| |_|_| |_\__, | / / / /
 =========|_|==============|___/=/_/_/_/
 :: Spring Boot ::                (v3.2.4)

2024-04-02T16:17:34.739+05:45  INFO 20464 --- [try2] [           main] com.example.try2.Try2ApplicationTests    : Starting Try2ApplicationTests using Java 17.0.10 with PID 20464 (started by Owner in C:\Intern\try2)
2024-04-02T16:17:34.741+05:45  INFO 20464 --- [try2] [           main] com.example.try2.Try2ApplicationTests    : No active profile set, falling back to 1 default profile: "default"
2024-04-02T16:17:36.627+05:45  INFO 20464 --- [try2] [           main] com.example.try2.Try2ApplicationTests    : Started Try2ApplicationTests in 2.278 seconds (process running for 3.499)
]]></system-out>
  </testcase>
</testsuite>